2023-09-02 09:00:12 [ERROR] Database connection failed: Connection timed out
2023-09-02 09:05:34 [INFO] Application started on port 8080
2023-09-02 09:10:45 [WARNING] High memory usage detected: 85% used
2023-09-02 09:15:23 [DEBUG] Processing request parameters: user_id=123&action=view
2023-09-02 09:20:56 [ERROR] Authentication service unavailable: Service not responding
2023-09-02 09:25:07 [INFO] User logged in successfully: user_id=456
2023-09-02 09:30:18 [WARNING] Slow database query execution: Query took 3.5 seconds
2023-09-02 09:35:29 [INFO] Data backup completed: 235 files processed
2023-09-02 09:40:33 [ERROR] Failed to process request: Invalid input format
2023-09-02 09:45:44 [DEBUG] Query execution plan: SELECT * FROM users WHERE id=789
2023-09-02 09:50:55 [ERROR] File not found: config.json
2023-09-02 09:55:01 [WARNING] API rate limit approaching: 85% of quota used
2023-09-02 10:00:12 [INFO] New user registered: user_id=789
2023-09-02 10:05:23 [DEBUG] Cache hit ratio: 78.5%
2023-09-02 10:10:34 [ERROR] Unexpected exception in module payment.py: NullPointerException
2023-09-02 10:15:45 [INFO] Payment processed successfully: transaction_id=TX123456
2023-09-02 10:20:56 [WARNING] Certificate expires in 10 days
2023-09-02 10:25:07 [ERROR] Permission denied: Cannot write to directory /var/logs
2023-09-02 10:30:18 [INFO] Scheduled task completed: daily_report
2023-09-02 10:35:29 [DEBUG] Memory allocation: 256MB for image processing
2024-12-19 10:11:59 [ERROR] Database connection failed: Connection refuse.
